<?xml version="1.0" encoding="UTF-8"?>
<!-- Generated by org.testng.reporters.JUnitXMLReporter -->
<testsuite hostname="Dhana" ignored="0" name="Default test" tests="1" failures="0" timestamp="04 Nov 2020 15:36:56 GMT" time="14.405" errors="0">
  <testcase name="@BeforeTest setup" time="14.349" classname="com.grootantech.testCases.BaseClass">
    <failure type="org.openqa.selenium.WebDriverException" message="unknown error: Chrome failed to start: exited normally.
  (unknown error: DevToolsActivePort file doesn&amp;apos;t exist)
  (The process started from chrome location C:\Program Files (x86)\Google\Chrome\Application\chrome.exe is no longer running, so ChromeDriver is assuming that Chrome has crashed.)
Build info: version: &amp;apos;3.14.0&amp;apos;, revision: &amp;apos;aacccce0&amp;apos;, time: &amp;apos;2018-08-02T20:19:58.91Z&amp;apos;
System info: host: &amp;apos;DHANA&amp;apos;, ip: &amp;apos;192.168.0.105&amp;apos;, os.name: &amp;apos;Windows 10&amp;apos;, os.arch: &amp;apos;x86&amp;apos;, os.version: &amp;apos;10.0&amp;apos;, java.version: &amp;apos;1.8.0_191&amp;apos;
Driver info: driver.version: ChromeDriver
remote stacktrace: Backtrace:
	Ordinal0 [0x00B7C013+3194899]
	Ordinal0 [0x00A66021+2056225]
	Ordinal0 [0x008FF608+587272]
	Ordinal0 [0x0087E5D2+58834]
	Ordinal0 [0x0087C64A+50762]
	Ordinal0 [0x008A1EE9+204521]
	Ordinal0 [0x008A1D0D+204045]
	Ordinal0 [0x0089FC1B+195611]
	Ordinal0 [0x00883B7F+80767]
	Ordinal0 [0x00884B4E+84814]
	Ordinal0 [0x00884AD9+84697]
	Ordinal0 [0x00A7CE64+2149988]
	GetHandleVerifier [0x00CEBE95+1400773]
	GetHandleVerifier [0x00CEBB61+1399953]
	GetHandleVerifier [0x00CF31FA+1430314]
	GetHandleVerifier [0x00CEC69F+1402831]
	Ordinal0 [0x00A73D61+2112865]
	Ordinal0 [0x00A7E5CB+2155979]
	Ordinal0 [0x00A7E6F5+2156277]
	Ordinal0 [0x00A8F26E+2224750]
	BaseThreadInitThunk [0x7560FA29+25]
	RtlGetAppContainerNamedObjectPath [0x773675F4+228]
	RtlGetAppContainerNamedObjectPath [0x773675C4+180]
">
      <![CDATA[org.openqa.selenium.WebDriverException: unknown error: Chrome failed to start: exited normally.
  (unknown error: DevToolsActivePort file doesn't exist)
  (The process started from chrome location C:\Program Files (x86)\Google\Chrome\Application\chrome.exe is no longer running, so ChromeDriver is assuming that Chrome has crashed.)
Build info: version: '3.14.0', revision: 'aacccce0', time: '2018-08-02T20:19:58.91Z'
System info: host: 'DHANA', ip: '192.168.0.105', os.name: 'Windows 10', os.arch: 'x86', os.version: '10.0', java.version: '1.8.0_191'
Driver info: driver.version: ChromeDriver
remote stacktrace: Backtrace:
Ordinal0 [0x00B7C013+3194899]
Ordinal0 [0x00A66021+2056225]
Ordinal0 [0x008FF608+587272]
Ordinal0 [0x0087E5D2+58834]
Ordinal0 [0x0087C64A+50762]
Ordinal0 [0x008A1EE9+204521]
Ordinal0 [0x008A1D0D+204045]
Ordinal0 [0x0089FC1B+195611]
Ordinal0 [0x00883B7F+80767]
Ordinal0 [0x00884B4E+84814]
Ordinal0 [0x00884AD9+84697]
Ordinal0 [0x00A7CE64+2149988]
GetHandleVerifier [0x00CEBE95+1400773]
GetHandleVerifier [0x00CEBB61+1399953]
GetHandleVerifier [0x00CF31FA+1430314]
GetHandleVerifier [0x00CEC69F+1402831]
Ordinal0 [0x00A73D61+2112865]
Ordinal0 [0x00A7E5CB+2155979]
Ordinal0 [0x00A7E6F5+2156277]
Ordinal0 [0x00A8F26E+2224750]
BaseThreadInitThunk [0x7560FA29+25]
RtlGetAppContainerNamedObjectPath [0x773675F4+228]
RtlGetAppContainerNamedObjectPath [0x773675C4+180]

at sun.reflect.NativeConstructorAccessorImpl.newInstance0(Native Method)
at sun.reflect.NativeConstructorAccessorImpl.newInstance(Unknown Source)
at sun.reflect.DelegatingConstructorAccessorImpl.newInstance(Unknown Source)
at java.lang.reflect.Constructor.newInstance(Unknown Source)
at org.openqa.selenium.remote.W3CHandshakeResponse.lambda$new$0(W3CHandshakeResponse.java:57)
at org.openqa.selenium.remote.W3CHandshakeResponse.lambda$getResponseFunction$2(W3CHandshakeResponse.java:104)
at org.openqa.selenium.remote.ProtocolHandshake.lambda$createSession$0(ProtocolHandshake.java:122)
at java.util.stream.ReferencePipeline$3$1.accept(Unknown Source)
at java.util.Spliterators$ArraySpliterator.tryAdvance(Unknown Source)
at java.util.stream.ReferencePipeline.forEachWithCancel(Unknown Source)
at java.util.stream.AbstractPipeline.copyIntoWithCancel(Unknown Source)
at java.util.stream.AbstractPipeline.copyInto(Unknown Source)
at java.util.stream.AbstractPipeline.wrapAndCopyInto(Unknown Source)
at java.util.stream.FindOps$FindOp.evaluateSequential(Unknown Source)
at java.util.stream.AbstractPipeline.evaluate(Unknown Source)
at java.util.stream.ReferencePipeline.findFirst(Unknown Source)
at org.openqa.selenium.remote.ProtocolHandshake.createSession(ProtocolHandshake.java:125)
at org.openqa.selenium.remote.ProtocolHandshake.createSession(ProtocolHandshake.java:73)
at org.openqa.selenium.remote.HttpCommandExecutor.execute(HttpCommandExecutor.java:136)
at org.openqa.selenium.remote.service.DriverCommandExecutor.execute(DriverCommandExecutor.java:83)
at org.openqa.selenium.remote.RemoteWebDriver.execute(RemoteWebDriver.java:548)
at org.openqa.selenium.remote.RemoteWebDriver.startSession(RemoteWebDriver.java:212)
at org.openqa.selenium.remote.RemoteWebDriver.<init>(RemoteWebDriver.java:130)
at org.openqa.selenium.chrome.ChromeDriver.<init>(ChromeDriver.java:181)
at org.openqa.selenium.chrome.ChromeDriver.<init>(ChromeDriver.java:168)
at org.openqa.selenium.chrome.ChromeDriver.<init>(ChromeDriver.java:123)
at com.grootantech.testCases.BaseClass.setup(BaseClass.java:35)
at sun.reflect.NativeMethodAccessorImpl.invoke0(Native Method)
at sun.reflect.NativeMethodAccessorImpl.invoke(Unknown Source)
at sun.reflect.DelegatingMethodAccessorImpl.invoke(Unknown Source)
at java.lang.reflect.Method.invoke(Unknown Source)
at org.testng.internal.MethodInvocationHelper.invokeMethod(MethodInvocationHelper.java:124)
at org.testng.internal.MethodInvocationHelper.invokeMethodConsideringTimeout(MethodInvocationHelper.java:59)
at org.testng.internal.Invoker.invokeConfigurationMethod(Invoker.java:458)
at org.testng.internal.Invoker.invokeConfigurations(Invoker.java:222)
at org.testng.internal.Invoker.invokeConfigurations(Invoker.java:142)
at org.testng.TestRunner.beforeRun(TestRunner.java:529)
at org.testng.TestRunner.run(TestRunner.java:497)
at org.testng.SuiteRunner.runTest(SuiteRunner.java:455)
at org.testng.SuiteRunner.runSequentially(SuiteRunner.java:450)
at org.testng.SuiteRunner.privateRun(SuiteRunner.java:415)
at org.testng.SuiteRunner.run(SuiteRunner.java:364)
at org.testng.SuiteRunnerWorker.runSuite(SuiteRunnerWorker.java:52)
at org.testng.SuiteRunnerWorker.run(SuiteRunnerWorker.java:84)
at org.testng.TestNG.runSuitesSequentially(TestNG.java:1208)
at org.testng.TestNG.runSuitesLocally(TestNG.java:1137)
at org.testng.TestNG.runSuites(TestNG.java:1049)
at org.testng.TestNG.run(TestNG.java:1017)
at org.testng.remote.AbstractRemoteTestNG.run(AbstractRemoteTestNG.java:115)
at org.testng.remote.RemoteTestNG.initAndRun(RemoteTestNG.java:251)
at org.testng.remote.RemoteTestNG.main(RemoteTestNG.java:77)
]]>
    </failure>
  </testcase> <!-- @BeforeTest setup -->
  <testcase name="@AfterTest teardown" time="0.0" classname="com.grootantech.testCases.BaseClass">
    <skipped/>
  </testcase> <!-- @AfterTest teardown -->
  <testcase name="TC_Screenshot_1" time="0.0" classname="com.grootantech.testCases.Screenshot">
    <skipped/>
  </testcase> <!-- TC_Screenshot_1 -->
</testsuite> <!-- Default test -->
