<?xml version="1.0" encoding="UTF-8"?>
<!-- Generated by org.testng.reporters.JUnitXMLReporter -->
<testsuite hostname="Dhana" ignored="4" name="GrootantechWebsite Test" tests="4" failures="1" timestamp="04 Nov 2020 14:32:18 GMT" time="70.356" errors="0">
  <testcase name="TC_Screenshot_1" time="15.203" classname="com.grootantech.testCases.Screenshot"/>
  <testcase name="TC_ScreenshotCompare_2" time="12.466" classname="com.grootantech.testCases.TC_002"/>
  <testcase name="compareImage" time="2.363" classname="com.grootantech.testCases.ImageComparison">
    <failure type="java.lang.AssertionError" message="expected [true] but found [false]">
      <![CDATA[java.lang.AssertionError: expected [true] but found [false]
at com.grootantech.testCases.ImageComparison.compareImage(ImageComparison.java:69)
... Removed 29 stack frames]]>
    </failure>
  </testcase> <!-- compareImage -->
  <testcase name="getDesignationReport" time="31.972" classname="com.grootantech.testCases.ImageComparison"/>
  <testcase name="@AfterTest teardown" time="0.0" classname="com.grootantech.testCases.BaseClass">
    <ignored/>
  </testcase> <!-- @AfterTest teardown -->
  <testcase name="@AfterTest teardown" time="0.0" classname="com.grootantech.testCases.BaseClass">
    <ignored/>
  </testcase> <!-- @AfterTest teardown -->
  <testcase name="@BeforeTest setup" time="0.0" classname="com.grootantech.testCases.BaseClass">
    <ignored/>
  </testcase> <!-- @BeforeTest setup -->
  <testcase name="@BeforeTest setup" time="0.0" classname="com.grootantech.testCases.BaseClass">
    <ignored/>
  </testcase> <!-- @BeforeTest setup -->
</testsuite> <!-- GrootantechWebsite Test -->
