<?xml version="1.0" encoding="UTF-8"?>
<testng-results skipped="0" failed="1" ignored="4" total="8" passed="3">
  <reporter-output>
  </reporter-output>
  <suite name="grootantechV1" duration-ms="70356" started-at="2020-11-04T14:31:07Z" finished-at="2020-11-04T14:32:18Z">
    <groups>
    </groups>
    <test name="GrootantechWebsite Test" duration-ms="70356" started-at="2020-11-04T14:31:07Z" finished-at="2020-11-04T14:32:18Z">
      <class name="com.grootantech.testCases.Screenshot">
        <test-method status="PASS" signature="setup()[pri:0, instance:com.grootantech.testCases.Screenshot@11053e1]" name="setup" is-config="true" duration-ms="8043" started-at="2020-11-04T14:31:07Z" finished-at="2020-11-04T14:31:15Z">
          <reporter-output>
          </reporter-output>
        </test-method> <!-- setup -->
        <test-method status="PASS" signature="TC_Screenshot_1()[pri:1, instance:com.grootantech.testCases.Screenshot@11053e1]" name="TC_Screenshot_1" duration-ms="15203" started-at="2020-11-04T14:31:15Z" description="Opens the Website and captures screenshot for all the section" finished-at="2020-11-04T14:31:31Z">
          <reporter-output>
          </reporter-output>
        </test-method> <!-- TC_Screenshot_1 -->
        <test-method status="PASS" signature="teardown()[pri:0, instance:com.grootantech.testCases.Screenshot@11053e1]" name="teardown" is-config="true" duration-ms="237" started-at="2020-11-04T14:32:17Z" finished-at="2020-11-04T14:32:18Z">
          <reporter-output>
          </reporter-output>
        </test-method> <!-- teardown -->
      </class> <!-- com.grootantech.testCases.Screenshot -->
      <class name="com.grootantech.testCases.TC_002">
        <test-method status="PASS" signature="TC_ScreenshotCompare_2()[pri:2, instance:com.grootantech.testCases.TC_002@9838eb]" name="TC_ScreenshotCompare_2" duration-ms="12466" started-at="2020-11-04T14:31:31Z" description="Reruns Suite and Comapare screenshot with already captured screenshots" finished-at="2020-11-04T14:31:43Z">
          <reporter-output>
          </reporter-output>
        </test-method> <!-- TC_ScreenshotCompare_2 -->
      </class> <!-- com.grootantech.testCases.TC_002 -->
      <class name="com.grootantech.testCases.ImageComparison">
        <test-method status="FAIL" signature="compareImage()[pri:3, instance:com.grootantech.testCases.ImageComparison@dafa95]" name="compareImage" duration-ms="2363" started-at="2020-11-04T14:31:43Z" description="Image Comparison of CTO &amp; HR" finished-at="2020-11-04T14:31:45Z">
          <exception class="java.lang.AssertionError">
            <message>
              <![CDATA[expected [true] but found [false]]]>
            </message>
            <full-stacktrace>
              <![CDATA[java.lang.AssertionError: expected [true] but found [false]
at org.testng.Assert.fail(Assert.java:96)
at org.testng.Assert.failNotEquals(Assert.java:776)
at org.testng.Assert.assertTrue(Assert.java:44)
at org.testng.Assert.assertTrue(Assert.java:54)
at com.grootantech.testCases.ImageComparison.compareImage(ImageComparison.java:69)
at sun.reflect.NativeMethodAccessorImpl.invoke0(Native Method)
at sun.reflect.NativeMethodAccessorImpl.invoke(Unknown Source)
at sun.reflect.DelegatingMethodAccessorImpl.invoke(Unknown Source)
at java.lang.reflect.Method.invoke(Unknown Source)
at org.testng.internal.MethodInvocationHelper.invokeMethod(MethodInvocationHelper.java:124)
at org.testng.internal.Invoker.invokeMethod(Invoker.java:583)
at org.testng.internal.Invoker.invokeTestMethod(Invoker.java:719)
at org.testng.internal.Invoker.invokeTestMethods(Invoker.java:989)
at org.testng.internal.TestMethodWorker.invokeTestMethods(TestMethodWorker.java:125)
at org.testng.internal.TestMethodWorker.run(TestMethodWorker.java:109)
at org.testng.TestRunner.privateRun(TestRunner.java:648)
at org.testng.TestRunner.run(TestRunner.java:505)
at org.testng.SuiteRunner.runTest(SuiteRunner.java:455)
at org.testng.SuiteRunner.runSequentially(SuiteRunner.java:450)
at org.testng.SuiteRunner.privateRun(SuiteRunner.java:415)
at org.testng.SuiteRunner.run(SuiteRunner.java:364)
at org.testng.SuiteRunnerWorker.runSuite(SuiteRunnerWorker.java:52)
at org.testng.SuiteRunnerWorker.run(SuiteRunnerWorker.java:84)
at org.testng.TestNG.runSuitesSequentially(TestNG.java:1208)
at org.testng.TestNG.runSuitesLocally(TestNG.java:1137)
at org.testng.TestNG.runSuites(TestNG.java:1049)
at org.testng.TestNG.run(TestNG.java:1017)
at org.testng.remote.AbstractRemoteTestNG.run(AbstractRemoteTestNG.java:115)
at org.testng.remote.RemoteTestNG.initAndRun(RemoteTestNG.java:251)
at org.testng.remote.RemoteTestNG.main(RemoteTestNG.java:77)
]]>
            </full-stacktrace>
          </exception> <!-- java.lang.AssertionError -->
          <reporter-output>
          </reporter-output>
        </test-method> <!-- compareImage -->
        <test-method status="PASS" signature="getDesignationReport()[pri:4, instance:com.grootantech.testCases.ImageComparison@dafa95]" name="getDesignationReport" duration-ms="31972" started-at="2020-11-04T14:31:45Z" description="Writing Junior Engineer Names in Excel" finished-at="2020-11-04T14:32:17Z">
          <reporter-output>
          </reporter-output>
        </test-method> <!-- getDesignationReport -->
      </class> <!-- com.grootantech.testCases.ImageComparison -->
    </test> <!-- GrootantechWebsite Test -->
  </suite> <!-- grootantechV1 -->
</testng-results>
